------------------------------------------------------------------------------------------------------------------------------------------------------------------------------------------------------------------------------------------------------------------------------------------------------------
2015-12-14 05:00:27
REQUEST
{"object":"event","id":"evt_bCh7DGlQ9owAswooXL11XG","created":"2015-12-14T13:00:23.990+03:00","livemode":false,"type":"invoice.deliverycases.updating","data":{"object":"invoice","id":"usr_inv_mSDPCxBiK9zkBYrCEBI2d","payqrNumber":"3614671983899183","created":"2015-12-14T13:00:06.837+03:00","modified":"2015-12-14T13:00:13.307+03:00","livemode":false,"payqrUserId":"665785775118","scenario":"Buy","amount":2797.0000,"orderId":"","orderGroup":"","cart":[{"article":"95177","name":"Стул для рыбалки FM-3, Цвет: Хаки","imageUrl":"http://80.87.193.101/userfiles/shop/small/216_stuldlyarybalkifm3.jpg","quantity":1.0,"amount":2797.0,"category":""}],"customer":{"firstName":"Test","middleName":"Тестович","lastName":"Test","phone":"+7 929 599 85 54","email":"rakot@inbox.ru"},"delivery":{"country":"Россия","region":"","city":"Москва","zip":"","street":"Партийный пер.","house":"1","unit":"46","building":"","flat":"3","hallway":"1","floor":"2","intercom":"","comment":"","longitude":null,"latitude":null,"kladrId":""},"deliveryCases":[],"deliveryCasesSelected":null,"pickPoints":[],"pickPointsSelected":null,"promoCode":{"article":"","description":"","value":""},"promoCard":{"article":"","description":"","value":""},"message":{"article":"","text":"","imageUrl":"","url":""},"upSale":[],"poll":[],"pollSelected":null,"userData":"","validityInMinutes":10080,"confirmWaitingInMinutes":4320,"status":"personalized","confirmStatus":"","reverts":[],"payqrCustomerCommissionPercent":0.0,"payqrFeeAmount":0.0000}}

------------------------------------------------------------------------------------------------------------------------------------------------------------------------------------------------------------------------------------------------------------------------------------------------------------
2015-12-14 05:00:27
Тип события: invoice.deliverycases.updating
Идентификатор события: usr_inv_mSDPCxBiK9zkBYrCEBI2d

------------------------------------------------------------------------------------------------------------------------------------------------------------------------------------------------------------------------------------------------------------------------------------------------------------
2015-12-14 05:00:27
Array
(
    [0] => Array
        (
            [id] => 1
            [name1] => Курьер
            [text1] => Товар доставляется курьером до двери Вашего дома.
            [price] => 500
        )

    [1] => Array
        (
            [id] => 2
            [name1] => Почта России
            [text1] => Доставка по всей России небольших посылок
            [price] => 650
        )

    [2] => Array
        (
            [id] => 3
            [name1] => EMS-доставка
            [text1] => Экспресс-доставка до дверей курьером в любую точку России
            [price] => 1200
        )

)


------------------------------------------------------------------------------------------------------------------------------------------------------------------------------------------------------------------------------------------------------------------------------------------------------------
2015-12-14 05:00:27
Array
(
    [0] => Array
        (
            [article] => 1
            [number] => 1
            [name] => Курьер
            [description] => Товар доставляется курьером до двери Вашего дома.
            [amountFrom] => 500
            [amountTo] => 500
        )

    [1] => Array
        (
            [article] => 2
            [number] => 2
            [name] => Почта России
            [description] => Доставка по всей России небольших посылок
            [amountFrom] => 650
            [amountTo] => 650
        )

    [2] => Array
        (
            [article] => 3
            [number] => 3
            [name] => EMS-доставка
            [description] => Экспресс-доставка до дверей курьером в любую точку России
            [amountFrom] => 1200
            [amountTo] => 1200
        )

)


------------------------------------------------------------------------------------------------------------------------------------------------------------------------------------------------------------------------------------------------------------------------------------------------------------
2015-12-14 05:00:27
RESPONSE
{"object":"event","id":"evt_bCh7DGlQ9owAswooXL11XG","created":"2015-12-14T13:00:23.990+03:00","livemode":false,"type":"invoice.deliverycases.updating","data":{"object":"invoice","id":"usr_inv_mSDPCxBiK9zkBYrCEBI2d","payqrNumber":"3614671983899183","created":"2015-12-14T13:00:06.837+03:00","modified":"2015-12-14T13:00:13.307+03:00","livemode":false,"payqrUserId":"665785775118","scenario":"Buy","amount":2797,"orderId":"","orderGroup":"","cart":[{"article":"95177","name":"\u0421\u0442\u0443\u043b \u0434\u043b\u044f \u0440\u044b\u0431\u0430\u043b\u043a\u0438 FM-3, \u0426\u0432\u0435\u0442: \u0425\u0430\u043a\u0438","imageUrl":"http:\/\/80.87.193.101\/userfiles\/shop\/small\/216_stuldlyarybalkifm3.jpg","quantity":1,"amount":2797,"category":""}],"customer":{"firstName":"Test","middleName":"\u0422\u0435\u0441\u0442\u043e\u0432\u0438\u0447","lastName":"Test","phone":"+7 929 599 85 54","email":"rakot@inbox.ru"},"delivery":{"country":"\u0420\u043e\u0441\u0441\u0438\u044f","region":"","city":"\u041c\u043e\u0441\u043a\u0432\u0430","zip":"","street":"\u041f\u0430\u0440\u0442\u0438\u0439\u043d\u044b\u0439 \u043f\u0435\u0440.","house":"1","unit":"46","building":"","flat":"3","hallway":"1","floor":"2","intercom":"","comment":"","longitude":null,"latitude":null,"kladrId":""},"deliveryCases":[{"article":"1","number":1,"name":"\u041a\u0443\u0440\u044c\u0435\u0440","description":"\u0422\u043e\u0432\u0430\u0440 \u0434\u043e\u0441\u0442\u0430\u0432\u043b\u044f\u0435\u0442\u0441\u044f \u043a\u0443\u0440\u044c\u0435\u0440\u043e\u043c \u0434\u043e \u0434\u0432\u0435\u0440\u0438 \u0412\u0430\u0448\u0435\u0433\u043e \u0434\u043e\u043c\u0430.","amountFrom":"500","amountTo":"500"},{"article":"2","number":2,"name":"\u041f\u043e\u0447\u0442\u0430 \u0420\u043e\u0441\u0441\u0438\u0438","description":"\u0414\u043e\u0441\u0442\u0430\u0432\u043a\u0430 \u043f\u043e \u0432\u0441\u0435\u0439 \u0420\u043e\u0441\u0441\u0438\u0438 \u043d\u0435\u0431\u043e\u043b\u044c\u0448\u0438\u0445 \u043f\u043e\u0441\u044b\u043b\u043e\u043a","amountFrom":"650","amountTo":"650"},{"article":"3","number":3,"name":"EMS-\u0434\u043e\u0441\u0442\u0430\u0432\u043a\u0430","description":"\u042d\u043a\u0441\u043f\u0440\u0435\u0441\u0441-\u0434\u043e\u0441\u0442\u0430\u0432\u043a\u0430 \u0434\u043e \u0434\u0432\u0435\u0440\u0435\u0439 \u043a\u0443\u0440\u044c\u0435\u0440\u043e\u043c \u0432 \u043b\u044e\u0431\u0443\u044e \u0442\u043e\u0447\u043a\u0443 \u0420\u043e\u0441\u0441\u0438\u0438","amountFrom":"1200","amountTo":"1200"}],"deliveryCasesSelected":null,"pickPoints":[],"pickPointsSelected":null,"promoCode":{"article":"","description":"","value":""},"promoCard":{"article":"","description":"","value":""},"message":{"article":"","text":"","imageUrl":"","url":""},"upSale":[],"poll":[],"pollSelected":null,"userData":"","validityInMinutes":10080,"confirmWaitingInMinutes":4320,"status":"personalized","confirmStatus":"","reverts":[],"payqrCustomerCommissionPercent":0,"payqrFeeAmount":0}}

------------------------------------------------------------------------------------------------------------------------------------------------------------------------------------------------------------------------------------------------------------------------------------------------------------
2015-12-14 05:00:38
REQUEST
{"object":"event","id":"evt_MT1pnfvLdBQ7asYkmK1hw","created":"2015-12-14T13:00:35.084+03:00","livemode":false,"type":"invoice.order.creating","data":{"object":"invoice","id":"usr_inv_mSDPCxBiK9zkBYrCEBI2d","payqrNumber":"3614671983899183","created":"2015-12-14T13:00:06.837+03:00","modified":"2015-12-14T13:00:24.417+03:00","livemode":false,"payqrUserId":"665785775118","scenario":"Buy","amount":2797.0000,"orderId":"","orderGroup":"","cart":[{"article":"95177","name":"Стул для рыбалки FM-3, Цвет: Хаки","imageUrl":"http://80.87.193.101/userfiles/shop/small/216_stuldlyarybalkifm3.jpg","quantity":1.0,"amount":2797.0,"category":""}],"customer":{"firstName":"Test","middleName":"Тестович","lastName":"Test","phone":"+7 929 599 85 54","email":"rakot@inbox.ru"},"delivery":{"country":"Россия","region":"","city":"Москва","zip":"","street":"Партийный пер.","house":"1","unit":"46","building":"","flat":"3","hallway":"1","floor":"2","intercom":"","comment":"","longitude":null,"latitude":null,"kladrId":""},"deliveryCases":[{"article":"1","name":"Курьер","description":"Товар доставляется курьером до двери Вашего дома.","amountFrom":500.0,"amountTo":500.0,"children":[]},{"article":"2","name":"Почта России","description":"Доставка по всей России небольших посылок","amountFrom":650.0,"amountTo":650.0,"children":[]},{"article":"3","name":"EMS-доставка","description":"Экспресс-доставка до дверей курьером в любую точку России","amountFrom":1200.0,"amountTo":1200.0,"children":[]}],"deliveryCasesSelected":{"article":"1","name":"Курьер","description":"Товар доставляется курьером до двери Вашего дома.","amountFrom":500.0,"amountTo":500.0},"pickPoints":[],"pickPointsSelected":null,"promoCode":{"article":"","description":"","value":""},"promoCard":{"article":"","description":"","value":""},"message":{"article":"","text":"","imageUrl":"","url":""},"upSale":[],"poll":[],"pollSelected":null,"userData":"","validityInMinutes":10080,"confirmWaitingInMinutes":4320,"status":"personalized","confirmStatus":"","reverts":[],"payqrCustomerCommissionPercent":0.0,"payqrFeeAmount":0.0000}}

------------------------------------------------------------------------------------------------------------------------------------------------------------------------------------------------------------------------------------------------------------------------------------------------------------
2015-12-14 05:00:38
Тип события: invoice.order.creating
Идентификатор события: usr_inv_mSDPCxBiK9zkBYrCEBI2d

------------------------------------------------------------------------------------------------------------------------------------------------------------------------------------------------------------------------------------------------------------------------------------------------------------
2015-12-14 05:00:38
Получили информацию по пользователю (rakot@inbox.ru): 4

------------------------------------------------------------------------------------------------------------------------------------------------------------------------------------------------------------------------------------------------------------------------------------------------------------
2015-12-14 05:00:38
Создали заказ: 8

------------------------------------------------------------------------------------------------------------------------------------------------------------------------------------------------------------------------------------------------------------------------------------------------------------
2015-12-14 05:00:38
Вставили товар и получили идентификатор товара в {shop_order_goods}: 16

------------------------------------------------------------------------------------------------------------------------------------------------------------------------------------------------------------------------------------------------------------------------------------------------------------
2015-12-14 05:00:38
get_discount_total

------------------------------------------------------------------------------------------------------------------------------------------------------------------------------------------------------------------------------------------------------------------------------------------------------------
2015-12-14 05:00:38
Order sum : 

------------------------------------------------------------------------------------------------------------------------------------------------------------------------------------------------------------------------------------------------------------------------------------------------------------
2015-12-14 05:00:38
Получили скидки клиенту: 

------------------------------------------------------------------------------------------------------------------------------------------------------------------------------------------------------------------------------------------------------------------------------------------------------------
2015-12-14 05:00:38
SELECT role_id FROM diafan_users WHERE id=4

------------------------------------------------------------------------------------------------------------------------------------------------------------------------------------------------------------------------------------------------------------------------------------------------------------
2015-12-14 05:00:38
Получили роль пользователя: 1

------------------------------------------------------------------------------------------------------------------------------------------------------------------------------------------------------------------------------------------------------------------------------------------------------------
2015-12-14 05:00:38
После получения скидки: 

------------------------------------------------------------------------------------------------------------------------------------------------------------------------------------------------------------------------------------------------------------------------------------------------------------
2015-12-14 05:00:38
Получили скидки: Array
(
    [discount_summ] => 0
    [discount_id] => 0
)


------------------------------------------------------------------------------------------------------------------------------------------------------------------------------------------------------------------------------------------------------------------------------------------------------------
2015-12-14 05:00:38
Создали заказ:8

------------------------------------------------------------------------------------------------------------------------------------------------------------------------------------------------------------------------------------------------------------------------------------------------------------
2015-12-14 05:00:38
Получаем invoice_id

------------------------------------------------------------------------------------------------------------------------------------------------------------------------------------------------------------------------------------------------------------------------------------------------------------
2015-12-14 05:00:38
Получили invoice_id: usr_inv_mSDPCxBiK9zkBYrCEBI2d

------------------------------------------------------------------------------------------------------------------------------------------------------------------------------------------------------------------------------------------------------------------------------------------------------------
2015-12-14 05:00:38
Устанавливаем сумму заказа

------------------------------------------------------------------------------------------------------------------------------------------------------------------------------------------------------------------------------------------------------------------------------------------------------------
2015-12-14 05:00:38
Установили сумму заказа вместе с доставкой: 2797+500 = 3297

------------------------------------------------------------------------------------------------------------------------------------------------------------------------------------------------------------------------------------------------------------------------------------------------------------
2015-12-14 05:00:38
RESPONSE
{"object":"event","id":"evt_MT1pnfvLdBQ7asYkmK1hw","created":"2015-12-14T13:00:35.084+03:00","livemode":false,"type":"invoice.order.creating","data":{"object":"invoice","id":"usr_inv_mSDPCxBiK9zkBYrCEBI2d","payqrNumber":"3614671983899183","created":"2015-12-14T13:00:06.837+03:00","modified":"2015-12-14T13:00:24.417+03:00","livemode":false,"payqrUserId":"665785775118","scenario":"Buy","amount":3297,"orderId":8,"orderGroup":"","cart":[{"article":"95177","name":"\u0421\u0442\u0443\u043b \u0434\u043b\u044f \u0440\u044b\u0431\u0430\u043b\u043a\u0438 FM-3, \u0426\u0432\u0435\u0442: \u0425\u0430\u043a\u0438","imageUrl":"http:\/\/80.87.193.101\/userfiles\/shop\/small\/216_stuldlyarybalkifm3.jpg","quantity":1,"amount":2797,"category":""}],"customer":{"firstName":"Test","middleName":"\u0422\u0435\u0441\u0442\u043e\u0432\u0438\u0447","lastName":"Test","phone":"+7 929 599 85 54","email":"rakot@inbox.ru"},"delivery":{"country":"\u0420\u043e\u0441\u0441\u0438\u044f","region":"","city":"\u041c\u043e\u0441\u043a\u0432\u0430","zip":"","street":"\u041f\u0430\u0440\u0442\u0438\u0439\u043d\u044b\u0439 \u043f\u0435\u0440.","house":"1","unit":"46","building":"","flat":"3","hallway":"1","floor":"2","intercom":"","comment":"","longitude":null,"latitude":null,"kladrId":""},"deliveryCases":[{"article":"1","name":"\u041a\u0443\u0440\u044c\u0435\u0440","description":"\u0422\u043e\u0432\u0430\u0440 \u0434\u043e\u0441\u0442\u0430\u0432\u043b\u044f\u0435\u0442\u0441\u044f \u043a\u0443\u0440\u044c\u0435\u0440\u043e\u043c \u0434\u043e \u0434\u0432\u0435\u0440\u0438 \u0412\u0430\u0448\u0435\u0433\u043e \u0434\u043e\u043c\u0430.","amountFrom":500,"amountTo":500,"children":[]},{"article":"2","name":"\u041f\u043e\u0447\u0442\u0430 \u0420\u043e\u0441\u0441\u0438\u0438","description":"\u0414\u043e\u0441\u0442\u0430\u0432\u043a\u0430 \u043f\u043e \u0432\u0441\u0435\u0439 \u0420\u043e\u0441\u0441\u0438\u0438 \u043d\u0435\u0431\u043e\u043b\u044c\u0448\u0438\u0445 \u043f\u043e\u0441\u044b\u043b\u043e\u043a","amountFrom":650,"amountTo":650,"children":[]},{"article":"3","name":"EMS-\u0434\u043e\u0441\u0442\u0430\u0432\u043a\u0430","description":"\u042d\u043a\u0441\u043f\u0440\u0435\u0441\u0441-\u0434\u043e\u0441\u0442\u0430\u0432\u043a\u0430 \u0434\u043e \u0434\u0432\u0435\u0440\u0435\u0439 \u043a\u0443\u0440\u044c\u0435\u0440\u043e\u043c \u0432 \u043b\u044e\u0431\u0443\u044e \u0442\u043e\u0447\u043a\u0443 \u0420\u043e\u0441\u0441\u0438\u0438","amountFrom":1200,"amountTo":1200,"children":[]}],"deliveryCasesSelected":{"article":"1","name":"\u041a\u0443\u0440\u044c\u0435\u0440","description":"\u0422\u043e\u0432\u0430\u0440 \u0434\u043e\u0441\u0442\u0430\u0432\u043b\u044f\u0435\u0442\u0441\u044f \u043a\u0443\u0440\u044c\u0435\u0440\u043e\u043c \u0434\u043e \u0434\u0432\u0435\u0440\u0438 \u0412\u0430\u0448\u0435\u0433\u043e \u0434\u043e\u043c\u0430.","amountFrom":500,"amountTo":500},"pickPoints":[],"pickPointsSelected":null,"promoCode":{"article":"","description":"","value":""},"promoCard":{"article":"","description":"","value":""},"message":{"article":"1","text":"\u0421\u043e\u0437\u0434\u0430\u0435\u043c \u0437\u0430\u043a\u0430\u0437","imageUrl":"http:\/\/yandex.ru","url":"https:\/\/avatars.mds.yandex.net\/get-ynews\/36841\/6822e25caa2ee68547c5960ca8e8c6bb\/66x66"},"upSale":[],"poll":[],"pollSelected":null,"userData":"","validityInMinutes":10080,"confirmWaitingInMinutes":4320,"status":"personalized","confirmStatus":"","reverts":[],"payqrCustomerCommissionPercent":0,"payqrFeeAmount":0}}

------------------------------------------------------------------------------------------------------------------------------------------------------------------------------------------------------------------------------------------------------------------------------------------------------------
2015-12-14 05:00:45
REQUEST
{"object":"event","id":"evt_hOoy2inXAqNuN2rMolcLYf","created":"2015-12-14T13:00:42.115+03:00","livemode":false,"type":"invoice.paid","data":{"object":"invoice","id":"usr_inv_mSDPCxBiK9zkBYrCEBI2d","payqrNumber":"3614671983899183","created":"2015-12-14T13:00:06.837+03:00","modified":"2015-12-14T13:00:31.433+03:00","livemode":false,"payqrUserId":"665785775118","scenario":"Buy","amount":3297.0000,"orderId":"8","orderGroup":"","cart":[{"article":"95177","name":"Стул для рыбалки FM-3, Цвет: Хаки","imageUrl":"http://80.87.193.101/userfiles/shop/small/216_stuldlyarybalkifm3.jpg","quantity":1.0,"amount":2797.0,"category":""}],"customer":{"firstName":"Test","middleName":"Тестович","lastName":"Test","phone":"+7 929 599 85 54","email":"rakot@inbox.ru"},"delivery":{"country":"Россия","region":"","city":"Москва","zip":"","street":"Партийный пер.","house":"1","unit":"46","building":"","flat":"3","hallway":"1","floor":"2","intercom":"","comment":"","longitude":null,"latitude":null,"kladrId":""},"deliveryCases":[{"article":"1","name":"Курьер","description":"Товар доставляется курьером до двери Вашего дома.","amountFrom":500.0,"amountTo":500.0,"children":[]},{"article":"2","name":"Почта России","description":"Доставка по всей России небольших посылок","amountFrom":650.0,"amountTo":650.0,"children":[]},{"article":"3","name":"EMS-доставка","description":"Экспресс-доставка до дверей курьером в любую точку России","amountFrom":1200.0,"amountTo":1200.0,"children":[]}],"deliveryCasesSelected":{"article":"1","name":"Курьер","description":"Товар доставляется курьером до двери Вашего дома.","amountFrom":500.0,"amountTo":500.0},"pickPoints":[],"pickPointsSelected":null,"promoCode":{"article":"","description":"","value":""},"promoCard":{"article":"","description":"","value":""},"message":{"article":"1","text":"Создаем заказ","imageUrl":"http://yandex.ru","url":"https://avatars.mds.yandex.net/get-ynews/36841/6822e25caa2ee68547c5960ca8e8c6bb/66x66"},"upSale":[],"poll":[],"pollSelected":null,"userData":"","validityInMinutes":10080,"confirmWaitingInMinutes":4320,"status":"paid","confirmStatus":"waiting","reverts":[],"payqrCustomerCommissionPercent":0.0,"payqrFeeAmount":0.0000}}

------------------------------------------------------------------------------------------------------------------------------------------------------------------------------------------------------------------------------------------------------------------------------------------------------------
2015-12-14 05:00:45
Тип события: invoice.paid
Идентификатор события: usr_inv_mSDPCxBiK9zkBYrCEBI2d

------------------------------------------------------------------------------------------------------------------------------------------------------------------------------------------------------------------------------------------------------------------------------------------------------------
2015-12-14 05:00:45
payOrder

------------------------------------------------------------------------------------------------------------------------------------------------------------------------------------------------------------------------------------------------------------------------------------------------------------
2015-12-14 05:00:45
payOrder получили номер заказа: 8

------------------------------------------------------------------------------------------------------------------------------------------------------------------------------------------------------------------------------------------------------------------------------------------------------------
2015-12-14 05:00:45
payOrder получили статус заказа 'в обработке': 2

------------------------------------------------------------------------------------------------------------------------------------------------------------------------------------------------------------------------------------------------------------------------------------------------------------
2015-12-14 05:00:45
Обновляем статус заказа

------------------------------------------------------------------------------------------------------------------------------------------------------------------------------------------------------------------------------------------------------------------------------------------------------------
2015-12-14 05:00:45
RESPONSE
{"object":"event","id":"evt_hOoy2inXAqNuN2rMolcLYf","created":"2015-12-14T13:00:42.115+03:00","livemode":false,"type":"invoice.paid","data":{"object":"invoice","id":"usr_inv_mSDPCxBiK9zkBYrCEBI2d","payqrNumber":"3614671983899183","created":"2015-12-14T13:00:06.837+03:00","modified":"2015-12-14T13:00:31.433+03:00","livemode":false,"payqrUserId":"665785775118","scenario":"Buy","amount":3297,"orderId":"8","orderGroup":"","cart":[{"article":"95177","name":"\u0421\u0442\u0443\u043b \u0434\u043b\u044f \u0440\u044b\u0431\u0430\u043b\u043a\u0438 FM-3, \u0426\u0432\u0435\u0442: \u0425\u0430\u043a\u0438","imageUrl":"http:\/\/80.87.193.101\/userfiles\/shop\/small\/216_stuldlyarybalkifm3.jpg","quantity":1,"amount":2797,"category":""}],"customer":{"firstName":"Test","middleName":"\u0422\u0435\u0441\u0442\u043e\u0432\u0438\u0447","lastName":"Test","phone":"+7 929 599 85 54","email":"rakot@inbox.ru"},"delivery":{"country":"\u0420\u043e\u0441\u0441\u0438\u044f","region":"","city":"\u041c\u043e\u0441\u043a\u0432\u0430","zip":"","street":"\u041f\u0430\u0440\u0442\u0438\u0439\u043d\u044b\u0439 \u043f\u0435\u0440.","house":"1","unit":"46","building":"","flat":"3","hallway":"1","floor":"2","intercom":"","comment":"","longitude":null,"latitude":null,"kladrId":""},"deliveryCases":[{"article":"1","name":"\u041a\u0443\u0440\u044c\u0435\u0440","description":"\u0422\u043e\u0432\u0430\u0440 \u0434\u043e\u0441\u0442\u0430\u0432\u043b\u044f\u0435\u0442\u0441\u044f \u043a\u0443\u0440\u044c\u0435\u0440\u043e\u043c \u0434\u043e \u0434\u0432\u0435\u0440\u0438 \u0412\u0430\u0448\u0435\u0433\u043e \u0434\u043e\u043c\u0430.","amountFrom":500,"amountTo":500,"children":[]},{"article":"2","name":"\u041f\u043e\u0447\u0442\u0430 \u0420\u043e\u0441\u0441\u0438\u0438","description":"\u0414\u043e\u0441\u0442\u0430\u0432\u043a\u0430 \u043f\u043e \u0432\u0441\u0435\u0439 \u0420\u043e\u0441\u0441\u0438\u0438 \u043d\u0435\u0431\u043e\u043b\u044c\u0448\u0438\u0445 \u043f\u043e\u0441\u044b\u043b\u043e\u043a","amountFrom":650,"amountTo":650,"children":[]},{"article":"3","name":"EMS-\u0434\u043e\u0441\u0442\u0430\u0432\u043a\u0430","description":"\u042d\u043a\u0441\u043f\u0440\u0435\u0441\u0441-\u0434\u043e\u0441\u0442\u0430\u0432\u043a\u0430 \u0434\u043e \u0434\u0432\u0435\u0440\u0435\u0439 \u043a\u0443\u0440\u044c\u0435\u0440\u043e\u043c \u0432 \u043b\u044e\u0431\u0443\u044e \u0442\u043e\u0447\u043a\u0443 \u0420\u043e\u0441\u0441\u0438\u0438","amountFrom":1200,"amountTo":1200,"children":[]}],"deliveryCasesSelected":{"article":"1","name":"\u041a\u0443\u0440\u044c\u0435\u0440","description":"\u0422\u043e\u0432\u0430\u0440 \u0434\u043e\u0441\u0442\u0430\u0432\u043b\u044f\u0435\u0442\u0441\u044f \u043a\u0443\u0440\u044c\u0435\u0440\u043e\u043c \u0434\u043e \u0434\u0432\u0435\u0440\u0438 \u0412\u0430\u0448\u0435\u0433\u043e \u0434\u043e\u043c\u0430.","amountFrom":500,"amountTo":500},"pickPoints":[],"pickPointsSelected":null,"promoCode":{"article":"","description":"","value":""},"promoCard":{"article":"","description":"","value":""},"message":{"article":"1","text":"Invoice.paid","imageUrl":"http:\/\/mail.ru","url":"https:\/\/avatars.mds.yandex.net\/get-ynews\/36841\/6822e25caa2ee68547c5960ca8e8c6bb\/66x66"},"upSale":[],"poll":[],"pollSelected":null,"userData":"","validityInMinutes":10080,"confirmWaitingInMinutes":4320,"status":"paid","confirmStatus":"waiting","reverts":[],"payqrCustomerCommissionPercent":0,"payqrFeeAmount":0}}

------------------------------------------------------------------------------------------------------------------------------------------------------------------------------------------------------------------------------------------------------------------------------------------------------------
2015-12-14 05:00:50
REQUEST
{"object":"event","id":"evt_jMcVwjEX0CTj2PkGuwDEY","created":"2015-12-14T13:00:47.334+03:00","livemode":false,"type":"revert.succeeded","data":{"object":"revert","id":"rvt_dtqnRQBpaUJRH2fN6Bfwi7","created":"2015-12-14T13:00:36.447+03:00","modified":"2015-12-14T13:00:36.666+03:00","invoiceId":"usr_inv_mSDPCxBiK9zkBYrCEBI2d","revertedAmount":3297.0000,"status":"succeedeed"}}

------------------------------------------------------------------------------------------------------------------------------------------------------------------------------------------------------------------------------------------------------------------------------------------------------------
2015-12-14 05:00:50
Тип события: revert.succeeded
Идентификатор события: rvt_dtqnRQBpaUJRH2fN6Bfwi7

------------------------------------------------------------------------------------------------------------------------------------------------------------------------------------------------------------------------------------------------------------------------------------------------------------
2015-12-14 05:00:50
RESPONSE
{"object":"event","id":"evt_jMcVwjEX0CTj2PkGuwDEY","created":"2015-12-14T13:00:47.334+03:00","livemode":false,"type":"revert.succeeded","data":{"object":"revert","id":"rvt_dtqnRQBpaUJRH2fN6Bfwi7","created":"2015-12-14T13:00:36.447+03:00","modified":"2015-12-14T13:00:36.666+03:00","invoiceId":"usr_inv_mSDPCxBiK9zkBYrCEBI2d","revertedAmount":3297,"status":"succeedeed"}}

------------------------------------------------------------------------------------------------------------------------------------------------------------------------------------------------------------------------------------------------------------------------------------------------------------
2015-12-14 05:00:50
REQUEST
{"object":"event","id":"evt_jLUuxcRRQ5SaMmzQtie76","created":"2015-12-14T13:00:47.412+03:00","livemode":false,"type":"invoice.reverted","data":{"object":"invoice","id":"usr_inv_mSDPCxBiK9zkBYrCEBI2d","payqrNumber":"3614671983899183","created":"2015-12-14T13:00:06.837+03:00","modified":"2015-12-14T13:00:36.713+03:00","livemode":false,"payqrUserId":"665785775118","scenario":"Buy","amount":3297.0000,"orderId":"8","orderGroup":"","cart":[{"article":"95177","name":"Стул для рыбалки FM-3, Цвет: Хаки","imageUrl":"http://80.87.193.101/userfiles/shop/small/216_stuldlyarybalkifm3.jpg","quantity":1.0,"amount":2797.0,"category":""}],"customer":{"firstName":"Test","middleName":"Тестович","lastName":"Test","phone":"+7 929 599 85 54","email":"rakot@inbox.ru"},"delivery":{"country":"Россия","region":"","city":"Москва","zip":"","street":"Партийный пер.","house":"1","unit":"46","building":"","flat":"3","hallway":"1","floor":"2","intercom":"","comment":"","longitude":null,"latitude":null,"kladrId":""},"deliveryCases":[{"article":"1","name":"Курьер","description":"Товар доставляется курьером до двери Вашего дома.","amountFrom":500.0,"amountTo":500.0,"children":[]},{"article":"2","name":"Почта России","description":"Доставка по всей России небольших посылок","amountFrom":650.0,"amountTo":650.0,"children":[]},{"article":"3","name":"EMS-доставка","description":"Экспресс-доставка до дверей курьером в любую точку России","amountFrom":1200.0,"amountTo":1200.0,"children":[]}],"deliveryCasesSelected":{"article":"1","name":"Курьер","description":"Товар доставляется курьером до двери Вашего дома.","amountFrom":500.0,"amountTo":500.0},"pickPoints":[],"pickPointsSelected":null,"promoCode":{"article":"","description":"","value":""},"promoCard":{"article":"","description":"","value":""},"message":{"article":"1","text":"Invoice.paid","imageUrl":"http://mail.ru","url":"https://avatars.mds.yandex.net/get-ynews/36841/6822e25caa2ee68547c5960ca8e8c6bb/66x66"},"upSale":[],"poll":[],"pollSelected":null,"userData":"","validityInMinutes":10080,"confirmWaitingInMinutes":4320,"status":"reverted","confirmStatus":"","reverts":[{"id":"rvt_dtqnRQBpaUJRH2fN6Bfwi7","created":"2015-12-14T13:00:36.447+03:00","revertedAmount":3297.0000,"status":"succeedeed"}],"payqrCustomerCommissionPercent":0.0,"payqrFeeAmount":0.0000}}

------------------------------------------------------------------------------------------------------------------------------------------------------------------------------------------------------------------------------------------------------------------------------------------------------------
2015-12-14 05:00:50
Тип события: invoice.reverted
Идентификатор события: usr_inv_mSDPCxBiK9zkBYrCEBI2d

------------------------------------------------------------------------------------------------------------------------------------------------------------------------------------------------------------------------------------------------------------------------------------------------------------
2015-12-14 05:00:50
RESPONSE
{"object":"event","id":"evt_jLUuxcRRQ5SaMmzQtie76","created":"2015-12-14T13:00:47.412+03:00","livemode":false,"type":"invoice.reverted","data":{"object":"invoice","id":"usr_inv_mSDPCxBiK9zkBYrCEBI2d","payqrNumber":"3614671983899183","created":"2015-12-14T13:00:06.837+03:00","modified":"2015-12-14T13:00:36.713+03:00","livemode":false,"payqrUserId":"665785775118","scenario":"Buy","amount":3297,"orderId":"8","orderGroup":"","cart":[{"article":"95177","name":"\u0421\u0442\u0443\u043b \u0434\u043b\u044f \u0440\u044b\u0431\u0430\u043b\u043a\u0438 FM-3, \u0426\u0432\u0435\u0442: \u0425\u0430\u043a\u0438","imageUrl":"http:\/\/80.87.193.101\/userfiles\/shop\/small\/216_stuldlyarybalkifm3.jpg","quantity":1,"amount":2797,"category":""}],"customer":{"firstName":"Test","middleName":"\u0422\u0435\u0441\u0442\u043e\u0432\u0438\u0447","lastName":"Test","phone":"+7 929 599 85 54","email":"rakot@inbox.ru"},"delivery":{"country":"\u0420\u043e\u0441\u0441\u0438\u044f","region":"","city":"\u041c\u043e\u0441\u043a\u0432\u0430","zip":"","street":"\u041f\u0430\u0440\u0442\u0438\u0439\u043d\u044b\u0439 \u043f\u0435\u0440.","house":"1","unit":"46","building":"","flat":"3","hallway":"1","floor":"2","intercom":"","comment":"","longitude":null,"latitude":null,"kladrId":""},"deliveryCases":[{"article":"1","name":"\u041a\u0443\u0440\u044c\u0435\u0440","description":"\u0422\u043e\u0432\u0430\u0440 \u0434\u043e\u0441\u0442\u0430\u0432\u043b\u044f\u0435\u0442\u0441\u044f \u043a\u0443\u0440\u044c\u0435\u0440\u043e\u043c \u0434\u043e \u0434\u0432\u0435\u0440\u0438 \u0412\u0430\u0448\u0435\u0433\u043e \u0434\u043e\u043c\u0430.","amountFrom":500,"amountTo":500,"children":[]},{"article":"2","name":"\u041f\u043e\u0447\u0442\u0430 \u0420\u043e\u0441\u0441\u0438\u0438","description":"\u0414\u043e\u0441\u0442\u0430\u0432\u043a\u0430 \u043f\u043e \u0432\u0441\u0435\u0439 \u0420\u043e\u0441\u0441\u0438\u0438 \u043d\u0435\u0431\u043e\u043b\u044c\u0448\u0438\u0445 \u043f\u043e\u0441\u044b\u043b\u043e\u043a","amountFrom":650,"amountTo":650,"children":[]},{"article":"3","name":"EMS-\u0434\u043e\u0441\u0442\u0430\u0432\u043a\u0430","description":"\u042d\u043a\u0441\u043f\u0440\u0435\u0441\u0441-\u0434\u043e\u0441\u0442\u0430\u0432\u043a\u0430 \u0434\u043e \u0434\u0432\u0435\u0440\u0435\u0439 \u043a\u0443\u0440\u044c\u0435\u0440\u043e\u043c \u0432 \u043b\u044e\u0431\u0443\u044e \u0442\u043e\u0447\u043a\u0443 \u0420\u043e\u0441\u0441\u0438\u0438","amountFrom":1200,"amountTo":1200,"children":[]}],"deliveryCasesSelected":{"article":"1","name":"\u041a\u0443\u0440\u044c\u0435\u0440","description":"\u0422\u043e\u0432\u0430\u0440 \u0434\u043e\u0441\u0442\u0430\u0432\u043b\u044f\u0435\u0442\u0441\u044f \u043a\u0443\u0440\u044c\u0435\u0440\u043e\u043c \u0434\u043e \u0434\u0432\u0435\u0440\u0438 \u0412\u0430\u0448\u0435\u0433\u043e \u0434\u043e\u043c\u0430.","amountFrom":500,"amountTo":500},"pickPoints":[],"pickPointsSelected":null,"promoCode":{"article":"","description":"","value":""},"promoCard":{"article":"","description":"","value":""},"message":{"article":"1","text":"invoice.reverted","imageUrl":"http:\/\/rambler.ru","url":"https:\/\/avatars.mds.yandex.net\/get-ynews\/36841\/6822e25caa2ee68547c5960ca8e8c6bb\/66x66"},"upSale":[],"poll":[],"pollSelected":null,"userData":"","validityInMinutes":10080,"confirmWaitingInMinutes":4320,"status":"reverted","confirmStatus":"","reverts":[{"id":"rvt_dtqnRQBpaUJRH2fN6Bfwi7","created":"2015-12-14T13:00:36.447+03:00","revertedAmount":3297,"status":"succeedeed"}],"payqrCustomerCommissionPercent":0,"payqrFeeAmount":0}}

